<?xml version="1.0" encoding="UTF-8"?>
<!-- Generated by org.testng.reporters.JUnitXMLReporter -->
<testsuite ignored="3" hostname="DESKTOP-ATPU6BA" failures="0" tests="1" name="Testinclude" time="0.049" errors="0" timestamp="2022-06-21T12:14:19 IST">
  <testcase classname="testNGKeyword.MyTest" name="mythodsD" time="0.008"/>
  <testcase classname="testNGKeyword.MyTest" name="B" time="0.0">
    <ignored/>
  </testcase> <!-- B -->
  <testcase classname="testNGKeyword.MyTest" name="C" time="0.0">
    <ignored/>
  </testcase> <!-- C -->
  <testcase classname="testNGKeyword.MyTest" name="A" time="0.0">
    <ignored/>
  </testcase> <!-- A -->
</testsuite> <!-- Testinclude -->
