<?xml version="1.0" encoding="UTF-8"?>
<testng-results ignored="0" total="1" passed="1" failed="0" skipped="0">
  <reporter-output>
  </reporter-output>
  <suite started-at="2022-06-23T22:37:35 IST" name="Default suite" finished-at="2022-06-23T22:37:36 IST" duration-ms="93">
    <groups>
    </groups>
    <test started-at="2022-06-23T22:37:35 IST" name="Default test" finished-at="2022-06-23T22:37:36 IST" duration-ms="93">
      <class name="POM.TestClassUsingTNG">
        <test-method is-config="true" signature="loginTokiteApp()[pri:0, instance:POM.TestClassUsingTNG@451001e5]" started-at="2022-06-23T22:37:36 IST" name="loginTokiteApp" finished-at="2022-06-23T22:37:36 IST" duration-ms="5" status="PASS">
          <reporter-output>
          </reporter-output>
        </test-method> <!-- loginTokiteApp -->
        <test-method signature="vaerifyUserID()[pri:0, instance:POM.TestClassUsingTNG@451001e5]" started-at="2022-06-23T22:37:36 IST" name="vaerifyUserID" finished-at="2022-06-23T22:37:36 IST" duration-ms="13" status="PASS">
          <reporter-output>
          </reporter-output>
        </test-method> <!-- vaerifyUserID -->
        <test-method is-config="true" signature="LogoutfromkiteApp()[pri:0, instance:POM.TestClassUsingTNG@451001e5]" started-at="2022-06-23T22:37:36 IST" name="LogoutfromkiteApp" finished-at="2022-06-23T22:37:36 IST" duration-ms="0" status="PASS">
          <reporter-output>
          </reporter-output>
        </test-method> <!-- LogoutfromkiteApp -->
      </class> <!-- POM.TestClassUsingTNG -->
    </test> <!-- Default test -->
  </suite> <!-- Default suite -->
</testng-results>
